ERROR: [encfolder]  Story Content Folder       /story_reading/assets/story/en/o2aa/o2aa_sound
ERROR: [encfolder]  AUDIO Content Folder       /story_reading/assets/audio/en/cmu/xprize/story_reading/o2aa/o2aa_sound
ERROR: [encfolder]  Story Content Folder       /story_reading/assets/story/en/u2ah/u2ah_sound
ERROR: [encfolder]  AUDIO Content Folder       /story_reading/assets/audio/en/cmu/xprize/story_reading/u2ah/u2ah_sound
ERROR: [encfolder]  Story Content Folder       /story_reading/assets/story/en/w2w/w2w_sound
ERROR: [encfolder]  AUDIO Content Folder       /story_reading/assets/audio/en/cmu/xprize/story_reading/w2w/w2w_sound
ERROR: [encfolder]  Story Content Folder       /story_reading/assets/story/en/p2p/p2p_sound
ERROR: [encfolder]  AUDIO Content Folder       /story_reading/assets/audio/en/cmu/xprize/story_reading/p2p/p2p_sound
ERROR: [encfolder]  Story Content Folder       /story_reading/assets/story/en/o2ow/o2ow_sound
ERROR: [encfolder]  AUDIO Content Folder       /story_reading/assets/audio/en/cmu/xprize/story_reading/o2ow/o2ow_sound
ERROR: [encfolder]  Story Level Folder         /story_reading/assets/story/en/ing2ihng
ERROR: [encfolder]  Story Content Folder       /story_reading/assets/story/en/ing2ihng/ing2ihng_sound
ERROR: [encfolder]  AUDIO Level Folder         /story_reading/assets/audio/en/cmu/xprize/story_reading/ing2ihng
ERROR: [encfolder]  AUDIO Content Folder       /story_reading/assets/audio/en/cmu/xprize/story_reading/ing2ihng/ing2ihng_sound
ERROR: [encfolder]  Story Content Folder       /story_reading/assets/story/en/x2ks/x2ks_sound
ERROR: [encfolder]  AUDIO Content Folder       /story_reading/assets/audio/en/cmu/xprize/story_reading/x2ks/x2ks_sound
ERROR: [encfolder]  Story Level Folder         /story_reading/assets/story/en/ed2d
ERROR: [encfolder]  Story Content Folder       /story_reading/assets/story/en/ed2d/ed2d_sound
ERROR: [encfolder]  AUDIO Level Folder         /story_reading/assets/audio/en/cmu/xprize/story_reading/ed2d
ERROR: [encfolder]  AUDIO Content Folder       /story_reading/assets/audio/en/cmu/xprize/story_reading/ed2d/ed2d_sound
ERROR: [encfolder]  Story Content Folder       /story_reading/assets/story/en/sh2sh/sh2sh_sound
ERROR: [encfolder]  AUDIO Content Folder       /story_reading/assets/audio/en/cmu/xprize/story_reading/sh2sh/sh2sh_sound
ERROR: [encfolder]  Story Level Folder         /story_reading/assets/story/en/est2ehst
ERROR: [encfolder]  Story Content Folder       /story_reading/assets/story/en/est2ehst/est2ehst_sound
ERROR: [encfolder]  AUDIO Level Folder         /story_reading/assets/audio/en/cmu/xprize/story_reading/est2ehst
ERROR: [encfolder]  AUDIO Content Folder       /story_reading/assets/audio/en/cmu/xprize/story_reading/est2ehst/est2ehst_sound
ERROR: [encfolder]  Story Level Folder         /story_reading/assets/story/en/wh2w
ERROR: [encfolder]  Story Content Folder       /story_reading/assets/story/en/wh2w/wh2w_sound
ERROR: [encfolder]  AUDIO Level Folder         /story_reading/assets/audio/en/cmu/xprize/story_reading/wh2w
ERROR: [encfolder]  AUDIO Content Folder       /story_reading/assets/audio/en/cmu/xprize/story_reading/wh2w/wh2w_sound
ERROR: [encfolder]  Story Level Folder         /story_reading/assets/story/en/wh2w
ERROR: [encfolder]  Story Content Folder       /story_reading/assets/story/en/wh2w/wh2w_wb_1
ERROR: [encfolder]  AUDIO Level Folder         /story_reading/assets/audio/en/cmu/xprize/story_reading/wh2w
ERROR: [encfolder]  AUDIO Content Folder       /story_reading/assets/audio/en/cmu/xprize/story_reading/wh2w/wh2w_wb_1
ERROR: [encfolder]  Story Level Folder         /story_reading/assets/story/en/en2ahn
ERROR: [encfolder]  Story Content Folder       /story_reading/assets/story/en/en2ahn/en2ahn_sound
ERROR: [encfolder]  AUDIO Level Folder         /story_reading/assets/audio/en/cmu/xprize/story_reading/en2ahn
ERROR: [encfolder]  AUDIO Content Folder       /story_reading/assets/audio/en/cmu/xprize/story_reading/en2ahn/en2ahn_sound
ERROR: [encfolder]  Story Content Folder       /story_reading/assets/story/en/th2th/th2th_sound
ERROR: [encfolder]  AUDIO Content Folder       /story_reading/assets/audio/en/cmu/xprize/story_reading/th2th/th2th_sound
ERROR: [encfolder]  Story Content Folder       /story_reading/assets/story/en/oa2ow/oa2ow_sound
ERROR: [encfolder]  AUDIO Content Folder       /story_reading/assets/audio/en/cmu/xprize/story_reading/oa2ow/oa2ow_sound
ERROR: [encfolder]  Story Content Folder       /story_reading/assets/story/en/ar2aar/ar2aar_sound
ERROR: [encfolder]  AUDIO Content Folder       /story_reading/assets/audio/en/cmu/xprize/story_reading/ar2aar/ar2aar_sound
ERROR: [encfolder]  Story Content Folder       /story_reading/assets/story/en/y2y/y2y_sound
ERROR: [encfolder]  AUDIO Content Folder       /story_reading/assets/audio/en/cmu/xprize/story_reading/y2y/y2y_sound
ERROR: [encfolder]  Story Content Folder       /story_reading/assets/story/en/z2z/z2z_wb_1
ERROR: [encfolder]  AUDIO Content Folder       /story_reading/assets/audio/en/cmu/xprize/story_reading/z2z/z2z_wb_1
ERROR: [encfolder]  Story Content Folder       /story_reading/assets/story/en/ch2ch/ch2ch_wb_1
ERROR: [encfolder]  AUDIO Content Folder       /story_reading/assets/audio/en/cmu/xprize/story_reading/ch2ch/ch2ch_wb_1
ERROR: [encfolder]  Story Content Folder       /story_reading/assets/story/en/qu2kw/qu2kw_sound
ERROR: [encfolder]  AUDIO Content Folder       /story_reading/assets/audio/en/cmu/xprize/story_reading/qu2kw/qu2kw_sound
ERROR: [encfolder]  Story Content Folder       /story_reading/assets/story/en/ea2eh/ea2eh_sound
ERROR: [encfolder]  AUDIO Content Folder       /story_reading/assets/audio/en/cmu/xprize/story_reading/ea2eh/ea2eh_sound
ERROR: [encfolder]  Story Content Folder       /story_reading/assets/story/en/oo2uh/oo2uh_sound
ERROR: [encfolder]  AUDIO Content Folder       /story_reading/assets/audio/en/cmu/xprize/story_reading/oo2uh/oo2uh_sound
ERROR: [encfolder]  Story Content Folder       /story_reading/assets/story/en/ay2ey/ay2ey_sound
ERROR: [encfolder]  AUDIO Content Folder       /story_reading/assets/audio/en/cmu/xprize/story_reading/ay2ey/ay2ey_sound
ERROR: [encfolder]  Story Content Folder       /story_reading/assets/story/en/ur2er/ur2er_sound
ERROR: [encfolder]  AUDIO Content Folder       /story_reading/assets/audio/en/cmu/xprize/story_reading/ur2er/ur2er_sound
ERROR: [encfolder]  Story Content Folder       /story_reading/assets/story/en/kn2n/kn2n_sound
ERROR: [encfolder]  AUDIO Content Folder       /story_reading/assets/audio/en/cmu/xprize/story_reading/kn2n/kn2n_sound
ERROR: [encfolder]  Story Content Folder       /story_reading/assets/story/en/oi2oy/oi2oy_sound
ERROR: [encfolder]  AUDIO Content Folder       /story_reading/assets/audio/en/cmu/xprize/story_reading/oi2oy/oi2oy_sound
ERROR: [encfolder]  Story Content Folder       /story_reading/assets/story/en/wr2r/wr2r_sound
ERROR: [encfolder]  AUDIO Content Folder       /story_reading/assets/audio/en/cmu/xprize/story_reading/wr2r/wr2r_sound
