models/grammar/digits.gram
models/grammar/menu.gram
models/hmm/en-con-ind/feature.params
models/hmm/en-con-ind/mdef
models/hmm/en-con-ind/means
models/hmm/en-con-ind/mixture_weights
models/hmm/en-con-ind/noisedict
models/hmm/en-con-ind/phonelist
models/hmm/en-con-ind/README.md
models/hmm/en-con-ind/transition_matrices
models/hmm/en-con-ind/variances
models/hmm/en-us-semi/feat.params
models/hmm/en-us-semi/mdef
models/hmm/en-us-semi/means
models/hmm/en-us-semi/noisedict
models/hmm/en-us-semi/README.md
models/hmm/en-us-semi/sendump
models/hmm/en-us-semi/transition_matrices
models/hmm/en-us-semi/variances
models/lm/CMU07A-CAPS.DIC
models/lm/SWAHILI.DIC
models/lm/s0.fsg
models/lm/s1.fsg
models/lm/s10.fsg
models/lm/s11.fsg
models/lm/s12.fsg
models/lm/s2.fsg
models/lm/s3.fsg
models/lm/s4.fsg
models/lm/s5.fsg
models/lm/s6.fsg
models/lm/s7.fsg
models/lm/s8.fsg
models/lm/s9.fsg